(0000) 3000  0011000000000000 (   4)                 .ORIG x3000
(3000) 2448  0010010001001000 (   6)                 LD    R2 TRAPVT
(3001) B448  1011010001001000 (   7)                 STI   R2 TRAP26
(3002) 2649  0010011001001001 (  10)                 LD    R3 IRVT
(3003) B649  1011011001001001 (  11)                 STI   R3 KBIR
(3004) AC46  1010110001000110 (  12)                 LDI   R6 STACK
(3005) E00E  1110000000001110 (  16) MAIN            LEA   R0 INITMSG
(3006) F022  1111000000100010 (  17)                 TRAP  x22
(3007) F026  1111000000100110 (  18)                 TRAP  x26
(3008) F021  1111000000100001 (  19)                 TRAP  x21
(3009) F026  1111000000100110 (  20)                 TRAP  x26
(300A) F021  1111000000100001 (  21)                 TRAP  x21
(300B) F026  1111000000100110 (  22)                 TRAP  x26
(300C) F021  1111000000100001 (  23)                 TRAP  x21
(300D) F026  1111000000100110 (  24)                 TRAP  x26
(300E) F021  1111000000100001 (  25)                 TRAP  x21
(300F) F026  1111000000100110 (  26)                 TRAP  x26
(3010) F021  1111000000100001 (  27)                 TRAP  x21
(3011) E01A  1110000000011010 (  28)                 LEA   R0 ENDMSG
(3012) F022  1111000000100010 (  29)                 TRAP  x22
(3013) 0FF1  0000111111110001 (  30)                 BRNZP MAIN
(3014) 0045  0000000001000101 (  32) INITMSG         .FILL x0045
(3015) 006E  0000000001101110 (  32)                 .FILL x006E
(3016) 0074  0000000001110100 (  32)                 .FILL x0074
(3017) 0065  0000000001100101 (  32)                 .FILL x0065
(3018) 0072  0000000001110010 (  32)                 .FILL x0072
(3019) 0020  0000000000100000 (  32)                 .FILL x0020
(301A) 0066  0000000001100110 (  32)                 .FILL x0066
(301B) 0069  0000000001101001 (  32)                 .FILL x0069
(301C) 0076  0000000001110110 (  32)                 .FILL x0076
(301D) 0065  0000000001100101 (  32)                 .FILL x0065
(301E) 0020  0000000000100000 (  32)                 .FILL x0020
(301F) 0063  0000000001100011 (  32)                 .FILL x0063
(3020) 0068  0000000001101000 (  32)                 .FILL x0068
(3021) 0061  0000000001100001 (  32)                 .FILL x0061
(3022) 0072  0000000001110010 (  32)                 .FILL x0072
(3023) 0061  0000000001100001 (  32)                 .FILL x0061
(3024) 0063  0000000001100011 (  32)                 .FILL x0063
(3025) 0074  0000000001110100 (  32)                 .FILL x0074
(3026) 0065  0000000001100101 (  32)                 .FILL x0065
(3027) 0072  0000000001110010 (  32)                 .FILL x0072
(3028) 0073  0000000001110011 (  32)                 .FILL x0073
(3029) 003A  0000000000111010 (  32)                 .FILL x003A
(302A) 0020  0000000000100000 (  32)                 .FILL x0020
(302B) 0000  0000000000000000 (  32)                 .FILL x0000
(302C) 000A  0000000000001010 (  33) ENDMSG          .FILL x000A
(302D) 0053  0000000001010011 (  33)                 .FILL x0053
(302E) 0075  0000000001110101 (  33)                 .FILL x0075
(302F) 0063  0000000001100011 (  33)                 .FILL x0063
(3030) 0063  0000000001100011 (  33)                 .FILL x0063
(3031) 0065  0000000001100101 (  33)                 .FILL x0065
(3032) 0073  0000000001110011 (  33)                 .FILL x0073
(3033) 0073  0000000001110011 (  33)                 .FILL x0073
(3034) 0021  0000000000100001 (  33)                 .FILL x0021
(3035) 0020  0000000000100000 (  33)                 .FILL x0020
(3036) 0052  0000000001010010 (  33)                 .FILL x0052
(3037) 0075  0000000001110101 (  33)                 .FILL x0075
(3038) 006E  0000000001101110 (  33)                 .FILL x006E
(3039) 006E  0000000001101110 (  33)                 .FILL x006E
(303A) 0069  0000000001101001 (  33)                 .FILL x0069
(303B) 006E  0000000001101110 (  33)                 .FILL x006E
(303C) 0067  0000000001100111 (  33)                 .FILL x0067
(303D) 0020  0000000000100000 (  33)                 .FILL x0020
(303E) 0061  0000000001100001 (  33)                 .FILL x0061
(303F) 0067  0000000001100111 (  33)                 .FILL x0067
(3040) 0061  0000000001100001 (  33)                 .FILL x0061
(3041) 0069  0000000001101001 (  33)                 .FILL x0069
(3042) 006E  0000000001101110 (  33)                 .FILL x006E
(3043) 002E  0000000000101110 (  33)                 .FILL x002E
(3044) 002E  0000000000101110 (  33)                 .FILL x002E
(3045) 002E  0000000000101110 (  33)                 .FILL x002E
(3046) 000A  0000000000001010 (  33)                 .FILL x000A
(3047) 000A  0000000000001010 (  33)                 .FILL x000A
(3048) 0000  0000000000000000 (  33)                 .FILL x0000
(3049) 3300  0011001100000000 (  34) TRAPVT          .FILL x3300
(304A) 0026  0000000000100110 (  35) TRAP26          .FILL x0026
(304B) 3000  0011000000000000 (  36) STACK           .FILL x3000
(304C) 3500  0011010100000000 (  37) IRVT            .FILL x3500
(304D) 0180  0000000110000000 (  38) KBIR            .FILL x0180
