(0000) 3000  0011000000000000 (   5)                 .ORIG x3000
(3000) 5260  0101001001100000 (  15) CLEAR           AND   R1 R1 #0
(3001) 54A0  0101010010100000 (  16)                 AND   R2 R2 #0
(3002) 56E0  0101011011100000 (  17)                 AND   R3 R3 #0
(3003) 5920  0101100100100000 (  18)                 AND   R4 R4 #0
(3004) 5B60  0101101101100000 (  19)                 AND   R5 R5 #0
(3005) 5DA0  0101110110100000 (  20)                 AND   R6 R6 #0
(3006) E027  1110000000100111 (  22) ADDKEY          LEA   R0 KEYmesg
(3007) F022  1111000000100010 (  23)                 TRAP  x22
(3008) F020  1111000000100000 (  24)                 TRAP  x20
(3009) F021  1111000000100001 (  25)                 TRAP  x21
(300A) 1420  0001010000100000 (  26)                 ADD   R2 R0 #0
(300B) 14B0  0001010010110000 (  27)                 ADD   R2 R2 #-16
(300C) 14B0  0001010010110000 (  28)                 ADD   R2 R2 #-16
(300D) 14B0  0001010010110000 (  29)                 ADD   R2 R2 #-16
(300E) 205D  0010000001011101 (  30)                 LD    R0 ENTER
(300F) F021  1111000000100001 (  31)                 TRAP  x21
(3010) 126A  0001001001101010 (  33)                 ADD   R1 R1 #10
(3011) 126A  0001001001101010 (  34)                 ADD   R1 R1 #10
(3012) E033  1110000000110011 (  35)                 LEA   R0 INPUTmesg
(3013) F022  1111000000100010 (  36)                 TRAP  x22
(3014) E858  1110100001011000 (  37)                 LEA   R4 ASCII
(3015) F020  1111000000100000 (  38) READ            TRAP  x20
(3016) F021  1111000000100001 (  39)                 TRAP  x21
(3017) 1C36  0001110000110110 (  40)                 ADD   R6 R0 #-10
(3018) 040C  0000010000001100 (  41)                 BRZ   PRINT
(3019) 5621  0101011000100001 (  44) ENCRY           AND   R3 R0 #1
(301A) 0401  0000010000000001 (  45)                 BRZ   ZERO
(301B) 103E  0001000000111110 (  46)                 ADD   R0 R0 #-2
(301C) 1021  0001000000100001 (  47) ZERO            ADD   R0 R0 #1
(301D) 1002  0001000000000010 (  48)                 ADD   R0 R0 R2
(301E) 7100  0111000100000000 (  49)                 STR   R0 R4 #0
(301F) 1B7F  0001101101111111 (  51)                 ADD   R5 R5 #-1
(3020) 1921  0001100100100001 (  52)                 ADD   R4 R4 #1
(3021) 127F  0001001001111111 (  53)                 ADD   R1 R1 #-1
(3022) 03F2  0000001111110010 (  54)                 BRP   READ
(3023) 2048  0010000001001000 (  55)                 LD    R0 ENTER
(3024) F021  1111000000100001 (  56)                 TRAP  x21
(3025) E031  1110000000110001 (  58) PRINT           LEA   R0 RESmesg
(3026) F022  1111000000100010 (  59)                 TRAP  x22
(3027) E845  1110100001000101 (  60)                 LEA   R4 ASCII
(3028) 6100  0110000100000000 (  61) AGAIN           LDR   R0 R4 #0
(3029) 0403  0000010000000011 (  62)                 BRZ   DONE
(302A) F021  1111000000100001 (  63)                 TRAP  x21
(302B) 1921  0001100100100001 (  64)                 ADD   R4 R4 #1
(302C) 0FFB  0000111111111011 (  65)                 BRNZP AGAIN
(302D) F025  1111000000100101 (  67) DONE            TRAP  x25
(302E) 0045  0000000001000101 (  70) KEYmesg         .FILL x0045
(302F) 006E  0000000001101110 (  70)                 .FILL x006E
(3030) 0063  0000000001100011 (  70)                 .FILL x0063
(3031) 0072  0000000001110010 (  70)                 .FILL x0072
(3032) 0079  0000000001111001 (  70)                 .FILL x0079
(3033) 0070  0000000001110000 (  70)                 .FILL x0070
(3034) 0074  0000000001110100 (  70)                 .FILL x0074
(3035) 0069  0000000001101001 (  70)                 .FILL x0069
(3036) 006F  0000000001101111 (  70)                 .FILL x006F
(3037) 006E  0000000001101110 (  70)                 .FILL x006E
(3038) 0020  0000000000100000 (  70)                 .FILL x0020
(3039) 004B  0000000001001011 (  70)                 .FILL x004B
(303A) 0065  0000000001100101 (  70)                 .FILL x0065
(303B) 0079  0000000001111001 (  70)                 .FILL x0079
(303C) 0020  0000000000100000 (  70)                 .FILL x0020
(303D) 0028  0000000000101000 (  70)                 .FILL x0028
(303E) 0031  0000000000110001 (  70)                 .FILL x0031
(303F) 0020  0000000000100000 (  70)                 .FILL x0020
(3040) 002D  0000000000101101 (  70)                 .FILL x002D
(3041) 0039  0000000000111001 (  70)                 .FILL x0039
(3042) 0029  0000000000101001 (  70)                 .FILL x0029
(3043) 003A  0000000000111010 (  70)                 .FILL x003A
(3044) 0020  0000000000100000 (  70)                 .FILL x0020
(3045) 0000  0000000000000000 (  70)                 .FILL x0000
(3046) 0049  0000000001001001 (  71) INPUTmesg       .FILL x0049
(3047) 006E  0000000001101110 (  71)                 .FILL x006E
(3048) 0070  0000000001110000 (  71)                 .FILL x0070
(3049) 0075  0000000001110101 (  71)                 .FILL x0075
(304A) 0074  0000000001110100 (  71)                 .FILL x0074
(304B) 0020  0000000000100000 (  71)                 .FILL x0020
(304C) 004D  0000000001001101 (  71)                 .FILL x004D
(304D) 0065  0000000001100101 (  71)                 .FILL x0065
(304E) 0073  0000000001110011 (  71)                 .FILL x0073
(304F) 0073  0000000001110011 (  71)                 .FILL x0073
(3050) 0061  0000000001100001 (  71)                 .FILL x0061
(3051) 0067  0000000001100111 (  71)                 .FILL x0067
(3052) 0065  0000000001100101 (  71)                 .FILL x0065
(3053) 0020  0000000000100000 (  71)                 .FILL x0020
(3054) 003A  0000000000111010 (  71)                 .FILL x003A
(3055) 0020  0000000000100000 (  71)                 .FILL x0020
(3056) 0000  0000000000000000 (  71)                 .FILL x0000
(3057) 0045  0000000001000101 (  72) RESmesg         .FILL x0045
(3058) 006E  0000000001101110 (  72)                 .FILL x006E
(3059) 0063  0000000001100011 (  72)                 .FILL x0063
(305A) 0072  0000000001110010 (  72)                 .FILL x0072
(305B) 0079  0000000001111001 (  72)                 .FILL x0079
(305C) 0070  0000000001110000 (  72)                 .FILL x0070
(305D) 0074  0000000001110100 (  72)                 .FILL x0074
(305E) 0065  0000000001100101 (  72)                 .FILL x0065
(305F) 0064  0000000001100100 (  72)                 .FILL x0064
(3060) 0020  0000000000100000 (  72)                 .FILL x0020
(3061) 004D  0000000001001101 (  72)                 .FILL x004D
(3062) 0065  0000000001100101 (  72)                 .FILL x0065
(3063) 0073  0000000001110011 (  72)                 .FILL x0073
(3064) 0073  0000000001110011 (  72)                 .FILL x0073
(3065) 0061  0000000001100001 (  72)                 .FILL x0061
(3066) 0067  0000000001100111 (  72)                 .FILL x0067
(3067) 0065  0000000001100101 (  72)                 .FILL x0065
(3068) 0020  0000000000100000 (  72)                 .FILL x0020
(3069) 003A  0000000000111010 (  72)                 .FILL x003A
(306A) 0020  0000000000100000 (  72)                 .FILL x0020
(306B) 0000  0000000000000000 (  72)                 .FILL x0000
(306C) 000A  0000000000001010 (  73) ENTER           .FILL x000A
(306D) 0000  0000000000000000 (  75) ASCII           .FILL x0000
(306E) 0000  0000000000000000 (  75)                 .FILL x0000
(306F) 0000  0000000000000000 (  75)                 .FILL x0000
(3070) 0000  0000000000000000 (  75)                 .FILL x0000
(3071) 0000  0000000000000000 (  75)                 .FILL x0000
(3072) 0000  0000000000000000 (  75)                 .FILL x0000
(3073) 0000  0000000000000000 (  75)                 .FILL x0000
(3074) 0000  0000000000000000 (  75)                 .FILL x0000
(3075) 0000  0000000000000000 (  75)                 .FILL x0000
(3076) 0000  0000000000000000 (  75)                 .FILL x0000
(3077) 0000  0000000000000000 (  75)                 .FILL x0000
(3078) 0000  0000000000000000 (  75)                 .FILL x0000
(3079) 0000  0000000000000000 (  75)                 .FILL x0000
(307A) 0000  0000000000000000 (  75)                 .FILL x0000
(307B) 0000  0000000000000000 (  75)                 .FILL x0000
(307C) 0000  0000000000000000 (  75)                 .FILL x0000
(307D) 0000  0000000000000000 (  75)                 .FILL x0000
(307E) 0000  0000000000000000 (  75)                 .FILL x0000
(307F) 0000  0000000000000000 (  75)                 .FILL x0000
(3080) 0000  0000000000000000 (  75)                 .FILL x0000
(3081) 0000  0000000000000000 (  75)                 .FILL x0000
(3082) 3101  0011000100000001 (  75) KEY             .FILL x3101
