(0000) 3500  0011010100000000 (   1)                 .ORIG x3500
(3500) 3512  0011010100010010 (   4) Q1STR           .FILL x3512
(3501) 000C  0000000000001100 (   5) Q1PTS           .FILL x000C
(3502) 0005  0000000000000101 (   6)                 .FILL x0005
(3503) 0004  0000000000000100 (   7)                 .FILL x0004
(3504) 0003  0000000000000011 (   8)                 .FILL x0003
(3505) 357E  0011010101111110 (  10) Q2STR           .FILL x357E
(3506) 0005  0000000000000101 (  11) Q2PTS           .FILL x0005
(3507) 000A  0000000000001010 (  12)                 .FILL x000A
(3508) 000A  0000000000001010 (  13)                 .FILL x000A
(3509) 000A  0000000000001010 (  14)                 .FILL x000A
(350A) 35EC  0011010111101100 (  17) Q3STR           .FILL x35EC
(350B) 000A  0000000000001010 (  18) Q3PTS           .FILL x000A
(350C) 000C  0000000000001100 (  19)                 .FILL x000C
(350D) 0002  0000000000000010 (  20)                 .FILL x0002
(350E) 0002  0000000000000010 (  21)                 .FILL x0002
(350F) 36A3  0011011010100011 (  25) RESULTS         .FILL x36A3
(3510) 36C6  0011011011000110 (  26)                 .FILL x36C6
(3511) 36F3  0011011011110011 (  27)                 .FILL x36F3
(3512) 000A  0000000000001010 (  30) Q1              .FILL x000A
(3513) 0057  0000000001010111 (  30)                 .FILL x0057
(3514) 0068  0000000001101000 (  30)                 .FILL x0068
(3515) 0069  0000000001101001 (  30)                 .FILL x0069
(3516) 0063  0000000001100011 (  30)                 .FILL x0063
(3517) 0068  0000000001101000 (  30)                 .FILL x0068
(3518) 0020  0000000000100000 (  30)                 .FILL x0020
(3519) 006F  0000000001101111 (  30)                 .FILL x006F
(351A) 006E  0000000001101110 (  30)                 .FILL x006E
(351B) 0065  0000000001100101 (  30)                 .FILL x0065
(351C) 0020  0000000000100000 (  30)                 .FILL x0020
(351D) 0069  0000000001101001 (  30)                 .FILL x0069
(351E) 0073  0000000001110011 (  30)                 .FILL x0073
(351F) 0020  0000000000100000 (  30)                 .FILL x0020
(3520) 0061  0000000001100001 (  30)                 .FILL x0061
(3521) 0020  0000000000100000 (  30)                 .FILL x0020
(3522) 006F  0000000001101111 (  30)                 .FILL x006F
(3523) 006E  0000000001101110 (  30)                 .FILL x006E
(3524) 0074  0000000001110100 (  30)                 .FILL x0074
(3525) 006F  0000000001101111 (  30)                 .FILL x006F
(3526) 0020  0000000000100000 (  30)                 .FILL x0020
(3527) 0066  0000000001100110 (  30)                 .FILL x0066
(3528) 0075  0000000001110101 (  30)                 .FILL x0075
(3529) 006E  0000000001101110 (  30)                 .FILL x006E
(352A) 0063  0000000001100011 (  30)                 .FILL x0063
(352B) 0074  0000000001110100 (  30)                 .FILL x0074
(352C) 0069  0000000001101001 (  30)                 .FILL x0069
(352D) 006F  0000000001101111 (  30)                 .FILL x006F
(352E) 006E  0000000001101110 (  30)                 .FILL x006E
(352F) 003F  0000000000111111 (  30)                 .FILL x003F
(3530) 0020  0000000000100000 (  30)                 .FILL x0020
(3531) 000A  0000000000001010 (  30)                 .FILL x000A
(3532) 0020  0000000000100000 (  30)                 .FILL x0020
(3533) 0020  0000000000100000 (  30)                 .FILL x0020
(3534) 0020  0000000000100000 (  30)                 .FILL x0020
(3535) 0020  0000000000100000 (  30)                 .FILL x0020
(3536) 0031  0000000000110001 (  30)                 .FILL x0031
(3537) 0029  0000000000101001 (  30)                 .FILL x0029
(3538) 0020  0000000000100000 (  30)                 .FILL x0020
(3539) 0046  0000000001000110 (  30)                 .FILL x0046
(353A) 0028  0000000000101000 (  30)                 .FILL x0028
(353B) 006E  0000000001101110 (  30)                 .FILL x006E
(353C) 0029  0000000000101001 (  30)                 .FILL x0029
(353D) 0020  0000000000100000 (  30)                 .FILL x0020
(353E) 003D  0000000000111101 (  30)                 .FILL x003D
(353F) 0020  0000000000100000 (  30)                 .FILL x0020
(3540) 006E  0000000001101110 (  30)                 .FILL x006E
(3541) 002D  0000000000101101 (  30)                 .FILL x002D
(3542) 0031  0000000000110001 (  30)                 .FILL x0031
(3543) 0020  0000000000100000 (  30)                 .FILL x0020
(3544) 000A  0000000000001010 (  30)                 .FILL x000A
(3545) 0020  0000000000100000 (  30)                 .FILL x0020
(3546) 0020  0000000000100000 (  30)                 .FILL x0020
(3547) 0020  0000000000100000 (  30)                 .FILL x0020
(3548) 0020  0000000000100000 (  30)                 .FILL x0020
(3549) 0032  0000000000110010 (  30)                 .FILL x0032
(354A) 0029  0000000000101001 (  30)                 .FILL x0029
(354B) 0020  0000000000100000 (  30)                 .FILL x0020
(354C) 0046  0000000001000110 (  30)                 .FILL x0046
(354D) 0028  0000000000101000 (  30)                 .FILL x0028
(354E) 006E  0000000001101110 (  30)                 .FILL x006E
(354F) 0029  0000000000101001 (  30)                 .FILL x0029
(3550) 0020  0000000000100000 (  30)                 .FILL x0020
(3551) 003D  0000000000111101 (  30)                 .FILL x003D
(3552) 0020  0000000000100000 (  30)                 .FILL x0020
(3553) 006E  0000000001101110 (  30)                 .FILL x006E
(3554) 0032  0000000000110010 (  30)                 .FILL x0032
(3555) 0020  0000000000100000 (  30)                 .FILL x0020
(3556) 002B  0000000000101011 (  30)                 .FILL x002B
(3557) 0020  0000000000100000 (  30)                 .FILL x0020
(3558) 0031  0000000000110001 (  30)                 .FILL x0031
(3559) 0020  0000000000100000 (  30)                 .FILL x0020
(355A) 000A  0000000000001010 (  30)                 .FILL x000A
(355B) 0020  0000000000100000 (  30)                 .FILL x0020
(355C) 0020  0000000000100000 (  30)                 .FILL x0020
(355D) 0020  0000000000100000 (  30)                 .FILL x0020
(355E) 0020  0000000000100000 (  30)                 .FILL x0020
(355F) 0033  0000000000110011 (  30)                 .FILL x0033
(3560) 0029  0000000000101001 (  30)                 .FILL x0029
(3561) 0020  0000000000100000 (  30)                 .FILL x0020
(3562) 0046  0000000001000110 (  30)                 .FILL x0046
(3563) 0028  0000000000101000 (  30)                 .FILL x0028
(3564) 006E  0000000001101110 (  30)                 .FILL x006E
(3565) 0029  0000000000101001 (  30)                 .FILL x0029
(3566) 0020  0000000000100000 (  30)                 .FILL x0020
(3567) 003D  0000000000111101 (  30)                 .FILL x003D
(3568) 0020  0000000000100000 (  30)                 .FILL x0020
(3569) 006E  0000000001101110 (  30)                 .FILL x006E
(356A) 0033  0000000000110011 (  30)                 .FILL x0033
(356B) 0020  0000000000100000 (  30)                 .FILL x0020
(356C) 000A  0000000000001010 (  30)                 .FILL x000A
(356D) 0020  0000000000100000 (  30)                 .FILL x0020
(356E) 0020  0000000000100000 (  30)                 .FILL x0020
(356F) 0020  0000000000100000 (  30)                 .FILL x0020
(3570) 0020  0000000000100000 (  30)                 .FILL x0020
(3571) 0034  0000000000110100 (  30)                 .FILL x0034
(3572) 0029  0000000000101001 (  30)                 .FILL x0029
(3573) 0020  0000000000100000 (  30)                 .FILL x0020
(3574) 0049  0000000001001001 (  30)                 .FILL x0049
(3575) 0020  0000000000100000 (  30)                 .FILL x0020
(3576) 0064  0000000001100100 (  30)                 .FILL x0064
(3577) 006F  0000000001101111 (  30)                 .FILL x006F
(3578) 006E  0000000001101110 (  30)                 .FILL x006E
(3579) 006E  0000000001101110 (  30)                 .FILL x006E
(357A) 006F  0000000001101111 (  30)                 .FILL x006F
(357B) 0020  0000000000100000 (  30)                 .FILL x0020
(357C) 000A  0000000000001010 (  30)                 .FILL x000A
(357D) 0000  0000000000000000 (  30)                 .FILL x0000
(357E) 000A  0000000000001010 (  31) Q2              .FILL x000A
(357F) 0057  0000000001010111 (  31)                 .FILL x0057
(3580) 0068  0000000001101000 (  31)                 .FILL x0068
(3581) 0069  0000000001101001 (  31)                 .FILL x0069
(3582) 0063  0000000001100011 (  31)                 .FILL x0063
(3583) 0068  0000000001101000 (  31)                 .FILL x0068
(3584) 0020  0000000000100000 (  31)                 .FILL x0020
(3585) 006F  0000000001101111 (  31)                 .FILL x006F
(3586) 006E  0000000001101110 (  31)                 .FILL x006E
(3587) 0065  0000000001100101 (  31)                 .FILL x0065
(3588) 0020  0000000000100000 (  31)                 .FILL x0020
(3589) 0069  0000000001101001 (  31)                 .FILL x0069
(358A) 0073  0000000001110011 (  31)                 .FILL x0073
(358B) 0020  0000000000100000 (  31)                 .FILL x0020
(358C) 006E  0000000001101110 (  31)                 .FILL x006E
(358D) 006F  0000000001101111 (  31)                 .FILL x006F
(358E) 0074  0000000001110100 (  31)                 .FILL x0074
(358F) 0020  0000000000100000 (  31)                 .FILL x0020
(3590) 006F  0000000001101111 (  31)                 .FILL x006F
(3591) 006E  0000000001101110 (  31)                 .FILL x006E
(3592) 0074  0000000001110100 (  31)                 .FILL x0074
(3593) 006F  0000000001101111 (  31)                 .FILL x006F
(3594) 0020  0000000000100000 (  31)                 .FILL x0020
(3595) 0066  0000000001100110 (  31)                 .FILL x0066
(3596) 0075  0000000001110101 (  31)                 .FILL x0075
(3597) 006E  0000000001101110 (  31)                 .FILL x006E
(3598) 0063  0000000001100011 (  31)                 .FILL x0063
(3599) 0074  0000000001110100 (  31)                 .FILL x0074
(359A) 0069  0000000001101001 (  31)                 .FILL x0069
(359B) 006F  0000000001101111 (  31)                 .FILL x006F
(359C) 006E  0000000001101110 (  31)                 .FILL x006E
(359D) 003F  0000000000111111 (  31)                 .FILL x003F
(359E) 0020  0000000000100000 (  31)                 .FILL x0020
(359F) 000A  0000000000001010 (  31)                 .FILL x000A
(35A0) 0020  0000000000100000 (  31)                 .FILL x0020
(35A1) 0020  0000000000100000 (  31)                 .FILL x0020
(35A2) 0020  0000000000100000 (  31)                 .FILL x0020
(35A3) 0020  0000000000100000 (  31)                 .FILL x0020
(35A4) 0031  0000000000110001 (  31)                 .FILL x0031
(35A5) 0029  0000000000101001 (  31)                 .FILL x0029
(35A6) 0020  0000000000100000 (  31)                 .FILL x0020
(35A7) 0046  0000000001000110 (  31)                 .FILL x0046
(35A8) 0028  0000000000101000 (  31)                 .FILL x0028
(35A9) 006E  0000000001101110 (  31)                 .FILL x006E
(35AA) 0029  0000000000101001 (  31)                 .FILL x0029
(35AB) 0020  0000000000100000 (  31)                 .FILL x0020
(35AC) 003D  0000000000111101 (  31)                 .FILL x003D
(35AD) 0020  0000000000100000 (  31)                 .FILL x0020
(35AE) 006E  0000000001101110 (  31)                 .FILL x006E
(35AF) 002D  0000000000101101 (  31)                 .FILL x002D
(35B0) 0031  0000000000110001 (  31)                 .FILL x0031
(35B1) 0020  0000000000100000 (  31)                 .FILL x0020
(35B2) 000A  0000000000001010 (  31)                 .FILL x000A
(35B3) 0020  0000000000100000 (  31)                 .FILL x0020
(35B4) 0020  0000000000100000 (  31)                 .FILL x0020
(35B5) 0020  0000000000100000 (  31)                 .FILL x0020
(35B6) 0020  0000000000100000 (  31)                 .FILL x0020
(35B7) 0032  0000000000110010 (  31)                 .FILL x0032
(35B8) 0029  0000000000101001 (  31)                 .FILL x0029
(35B9) 0020  0000000000100000 (  31)                 .FILL x0020
(35BA) 0046  0000000001000110 (  31)                 .FILL x0046
(35BB) 0028  0000000000101000 (  31)                 .FILL x0028
(35BC) 006E  0000000001101110 (  31)                 .FILL x006E
(35BD) 0029  0000000000101001 (  31)                 .FILL x0029
(35BE) 0020  0000000000100000 (  31)                 .FILL x0020
(35BF) 003D  0000000000111101 (  31)                 .FILL x003D
(35C0) 0020  0000000000100000 (  31)                 .FILL x0020
(35C1) 006E  0000000001101110 (  31)                 .FILL x006E
(35C2) 0032  0000000000110010 (  31)                 .FILL x0032
(35C3) 0020  0000000000100000 (  31)                 .FILL x0020
(35C4) 002B  0000000000101011 (  31)                 .FILL x002B
(35C5) 0020  0000000000100000 (  31)                 .FILL x0020
(35C6) 0031  0000000000110001 (  31)                 .FILL x0031
(35C7) 0020  0000000000100000 (  31)                 .FILL x0020
(35C8) 000A  0000000000001010 (  31)                 .FILL x000A
(35C9) 0020  0000000000100000 (  31)                 .FILL x0020
(35CA) 0020  0000000000100000 (  31)                 .FILL x0020
(35CB) 0020  0000000000100000 (  31)                 .FILL x0020
(35CC) 0020  0000000000100000 (  31)                 .FILL x0020
(35CD) 0033  0000000000110011 (  31)                 .FILL x0033
(35CE) 0029  0000000000101001 (  31)                 .FILL x0029
(35CF) 0020  0000000000100000 (  31)                 .FILL x0020
(35D0) 0046  0000000001000110 (  31)                 .FILL x0046
(35D1) 0028  0000000000101000 (  31)                 .FILL x0028
(35D2) 006E  0000000001101110 (  31)                 .FILL x006E
(35D3) 0029  0000000000101001 (  31)                 .FILL x0029
(35D4) 0020  0000000000100000 (  31)                 .FILL x0020
(35D5) 003D  0000000000111101 (  31)                 .FILL x003D
(35D6) 0020  0000000000100000 (  31)                 .FILL x0020
(35D7) 006E  0000000001101110 (  31)                 .FILL x006E
(35D8) 0033  0000000000110011 (  31)                 .FILL x0033
(35D9) 0020  0000000000100000 (  31)                 .FILL x0020
(35DA) 000A  0000000000001010 (  31)                 .FILL x000A
(35DB) 0020  0000000000100000 (  31)                 .FILL x0020
(35DC) 0020  0000000000100000 (  31)                 .FILL x0020
(35DD) 0020  0000000000100000 (  31)                 .FILL x0020
(35DE) 0020  0000000000100000 (  31)                 .FILL x0020
(35DF) 0034  0000000000110100 (  31)                 .FILL x0034
(35E0) 0029  0000000000101001 (  31)                 .FILL x0029
(35E1) 0020  0000000000100000 (  31)                 .FILL x0020
(35E2) 0049  0000000001001001 (  31)                 .FILL x0049
(35E3) 0020  0000000000100000 (  31)                 .FILL x0020
(35E4) 0064  0000000001100100 (  31)                 .FILL x0064
(35E5) 006F  0000000001101111 (  31)                 .FILL x006F
(35E6) 006E  0000000001101110 (  31)                 .FILL x006E
(35E7) 006E  0000000001101110 (  31)                 .FILL x006E
(35E8) 006F  0000000001101111 (  31)                 .FILL x006F
(35E9) 0020  0000000000100000 (  31)                 .FILL x0020
(35EA) 000A  0000000000001010 (  31)                 .FILL x000A
(35EB) 0000  0000000000000000 (  31)                 .FILL x0000
(35EC) 000A  0000000000001010 (  32) Q3              .FILL x000A
(35ED) 0057  0000000001010111 (  32)                 .FILL x0057
(35EE) 0068  0000000001101000 (  32)                 .FILL x0068
(35EF) 0061  0000000001100001 (  32)                 .FILL x0061
(35F0) 0074  0000000001110100 (  32)                 .FILL x0074
(35F1) 0020  0000000000100000 (  32)                 .FILL x0020
(35F2) 0069  0000000001101001 (  32)                 .FILL x0069
(35F3) 0073  0000000001110011 (  32)                 .FILL x0073
(35F4) 0020  0000000000100000 (  32)                 .FILL x0020
(35F5) 0061  0000000001100001 (  32)                 .FILL x0061
(35F6) 0072  0000000001110010 (  32)                 .FILL x0072
(35F7) 0072  0000000001110010 (  32)                 .FILL x0072
(35F8) 0061  0000000001100001 (  32)                 .FILL x0061
(35F9) 0079  0000000001111001 (  32)                 .FILL x0079
(35FA) 003F  0000000000111111 (  32)                 .FILL x003F
(35FB) 0020  0000000000100000 (  32)                 .FILL x0020
(35FC) 000A  0000000000001010 (  32)                 .FILL x000A
(35FD) 0020  0000000000100000 (  32)                 .FILL x0020
(35FE) 0020  0000000000100000 (  32)                 .FILL x0020
(35FF) 0031  0000000000110001 (  32)                 .FILL x0031
(3600) 0029  0000000000101001 (  32)                 .FILL x0029
(3601) 0020  0000000000100000 (  32)                 .FILL x0020
(3602) 0020  0000000000100000 (  32)                 .FILL x0020
(3603) 0063  0000000001100011 (  32)                 .FILL x0063
(3604) 0075  0000000001110101 (  32)                 .FILL x0075
(3605) 0070  0000000001110000 (  32)                 .FILL x0070
(3606) 0062  0000000001100010 (  32)                 .FILL x0062
(3607) 006F  0000000001101111 (  32)                 .FILL x006F
(3608) 0061  0000000001100001 (  32)                 .FILL x0061
(3609) 0072  0000000001110010 (  32)                 .FILL x0072
(360A) 0064  0000000001100100 (  32)                 .FILL x0064
(360B) 0020  0000000000100000 (  32)                 .FILL x0020
(360C) 0077  0000000001110111 (  32)                 .FILL x0077
(360D) 0069  0000000001101001 (  32)                 .FILL x0069
(360E) 0074  0000000001110100 (  32)                 .FILL x0074
(360F) 0068  0000000001101000 (  32)                 .FILL x0068
(3610) 0020  0000000000100000 (  32)                 .FILL x0020
(3611) 0064  0000000001100100 (  32)                 .FILL x0064
(3612) 0069  0000000001101001 (  32)                 .FILL x0069
(3613) 0066  0000000001100110 (  32)                 .FILL x0066
(3614) 0066  0000000001100110 (  32)                 .FILL x0066
(3615) 0065  0000000001100101 (  32)                 .FILL x0065
(3616) 0072  0000000001110010 (  32)                 .FILL x0072
(3617) 0065  0000000001100101 (  32)                 .FILL x0065
(3618) 006E  0000000001101110 (  32)                 .FILL x006E
(3619) 0074  0000000001110100 (  32)                 .FILL x0074
(361A) 0020  0000000000100000 (  32)                 .FILL x0020
(361B) 006E  0000000001101110 (  32)                 .FILL x006E
(361C) 0075  0000000001110101 (  32)                 .FILL x0075
(361D) 006D  0000000001101101 (  32)                 .FILL x006D
(361E) 0062  0000000001100010 (  32)                 .FILL x0062
(361F) 0065  0000000001100101 (  32)                 .FILL x0065
(3620) 0072  0000000001110010 (  32)                 .FILL x0072
(3621) 0020  0000000000100000 (  32)                 .FILL x0020
(3622) 006F  0000000001101111 (  32)                 .FILL x006F
(3623) 0066  0000000001100110 (  32)                 .FILL x0066
(3624) 0020  0000000000100000 (  32)                 .FILL x0020
(3625) 0073  0000000001110011 (  32)                 .FILL x0073
(3626) 0068  0000000001101000 (  32)                 .FILL x0068
(3627) 0065  0000000001100101 (  32)                 .FILL x0065
(3628) 006C  0000000001101100 (  32)                 .FILL x006C
(3629) 0076  0000000001110110 (  32)                 .FILL x0076
(362A) 0065  0000000001100101 (  32)                 .FILL x0065
(362B) 0073  0000000001110011 (  32)                 .FILL x0073
(362C) 0020  0000000000100000 (  32)                 .FILL x0020
(362D) 000A  0000000000001010 (  32)                 .FILL x000A
(362E) 0020  0000000000100000 (  32)                 .FILL x0020
(362F) 0020  0000000000100000 (  32)                 .FILL x0020
(3630) 0020  0000000000100000 (  32)                 .FILL x0020
(3631) 0032  0000000000110010 (  32)                 .FILL x0032
(3632) 0029  0000000000101001 (  32)                 .FILL x0029
(3633) 0020  0000000000100000 (  32)                 .FILL x0020
(3634) 0063  0000000001100011 (  32)                 .FILL x0063
(3635) 006F  0000000001101111 (  32)                 .FILL x006F
(3636) 006E  0000000001101110 (  32)                 .FILL x006E
(3637) 0074  0000000001110100 (  32)                 .FILL x0074
(3638) 0069  0000000001101001 (  32)                 .FILL x0069
(3639) 006E  0000000001101110 (  32)                 .FILL x006E
(363A) 0075  0000000001110101 (  32)                 .FILL x0075
(363B) 006F  0000000001101111 (  32)                 .FILL x006F
(363C) 0075  0000000001110101 (  32)                 .FILL x0075
(363D) 0073  0000000001110011 (  32)                 .FILL x0073
(363E) 0020  0000000000100000 (  32)                 .FILL x0020
(363F) 0062  0000000001100010 (  32)                 .FILL x0062
(3640) 006C  0000000001101100 (  32)                 .FILL x006C
(3641) 006F  0000000001101111 (  32)                 .FILL x006F
(3642) 0063  0000000001100011 (  32)                 .FILL x0063
(3643) 006B  0000000001101011 (  32)                 .FILL x006B
(3644) 0020  0000000000100000 (  32)                 .FILL x0020
(3645) 006F  0000000001101111 (  32)                 .FILL x006F
(3646) 0066  0000000001100110 (  32)                 .FILL x0066
(3647) 0020  0000000000100000 (  32)                 .FILL x0020
(3648) 0061  0000000001100001 (  32)                 .FILL x0061
(3649) 006C  0000000001101100 (  32)                 .FILL x006C
(364A) 006C  0000000001101100 (  32)                 .FILL x006C
(364B) 006F  0000000001101111 (  32)                 .FILL x006F
(364C) 0063  0000000001100011 (  32)                 .FILL x0063
(364D) 0061  0000000001100001 (  32)                 .FILL x0061
(364E) 0074  0000000001110100 (  32)                 .FILL x0074
(364F) 0065  0000000001100101 (  32)                 .FILL x0065
(3650) 0064  0000000001100100 (  32)                 .FILL x0064
(3651) 0020  0000000000100000 (  32)                 .FILL x0020
(3652) 006D  0000000001101101 (  32)                 .FILL x006D
(3653) 0065  0000000001100101 (  32)                 .FILL x0065
(3654) 006D  0000000001101101 (  32)                 .FILL x006D
(3655) 006F  0000000001101111 (  32)                 .FILL x006F
(3656) 0072  0000000001110010 (  32)                 .FILL x0072
(3657) 0079  0000000001111001 (  32)                 .FILL x0079
(3658) 0020  0000000000100000 (  32)                 .FILL x0020
(3659) 0077  0000000001110111 (  32)                 .FILL x0077
(365A) 0069  0000000001101001 (  32)                 .FILL x0069
(365B) 0074  0000000001110100 (  32)                 .FILL x0074
(365C) 0068  0000000001101000 (  32)                 .FILL x0068
(365D) 0020  0000000000100000 (  32)                 .FILL x0020
(365E) 0064  0000000001100100 (  32)                 .FILL x0064
(365F) 0065  0000000001100101 (  32)                 .FILL x0065
(3660) 0063  0000000001100011 (  32)                 .FILL x0063
(3661) 006C  0000000001101100 (  32)                 .FILL x006C
(3662) 0061  0000000001100001 (  32)                 .FILL x0061
(3663) 0072  0000000001110010 (  32)                 .FILL x0072
(3664) 0065  0000000001100101 (  32)                 .FILL x0065
(3665) 0064  0000000001100100 (  32)                 .FILL x0064
(3666) 0020  0000000000100000 (  32)                 .FILL x0020
(3667) 0077  0000000001110111 (  32)                 .FILL x0077
(3668) 0069  0000000001101001 (  32)                 .FILL x0069
(3669) 0074  0000000001110100 (  32)                 .FILL x0074
(366A) 0068  0000000001101000 (  32)                 .FILL x0068
(366B) 0020  0000000000100000 (  32)                 .FILL x0020
(366C) 0061  0000000001100001 (  32)                 .FILL x0061
(366D) 0020  0000000000100000 (  32)                 .FILL x0020
(366E) 0074  0000000001110100 (  32)                 .FILL x0074
(366F) 0079  0000000001111001 (  32)                 .FILL x0079
(3670) 0070  0000000001110000 (  32)                 .FILL x0070
(3671) 0065  0000000001100101 (  32)                 .FILL x0065
(3672) 0020  0000000000100000 (  32)                 .FILL x0020
(3673) 0061  0000000001100001 (  32)                 .FILL x0061
(3674) 006E  0000000001101110 (  32)                 .FILL x006E
(3675) 0064  0000000001100100 (  32)                 .FILL x0064
(3676) 0020  0000000000100000 (  32)                 .FILL x0020
(3677) 0061  0000000001100001 (  32)                 .FILL x0061
(3678) 0020  0000000000100000 (  32)                 .FILL x0020
(3679) 0073  0000000001110011 (  32)                 .FILL x0073
(367A) 0069  0000000001101001 (  32)                 .FILL x0069
(367B) 007A  0000000001111010 (  32)                 .FILL x007A
(367C) 0065  0000000001100101 (  32)                 .FILL x0065
(367D) 0020  0000000000100000 (  32)                 .FILL x0020
(367E) 000A  0000000000001010 (  32)                 .FILL x000A
(367F) 0020  0000000000100000 (  32)                 .FILL x0020
(3680) 0033  0000000000110011 (  32)                 .FILL x0033
(3681) 0029  0000000000101001 (  32)                 .FILL x0029
(3682) 0020  0000000000100000 (  32)                 .FILL x0020
(3683) 0073  0000000001110011 (  32)                 .FILL x0073
(3684) 006F  0000000001101111 (  32)                 .FILL x006F
(3685) 006D  0000000001101101 (  32)                 .FILL x006D
(3686) 0065  0000000001100101 (  32)                 .FILL x0065
(3687) 0074  0000000001110100 (  32)                 .FILL x0074
(3688) 0068  0000000001101000 (  32)                 .FILL x0068
(3689) 0069  0000000001101001 (  32)                 .FILL x0069
(368A) 006E  0000000001101110 (  32)                 .FILL x006E
(368B) 0067  0000000001100111 (  32)                 .FILL x0067
(368C) 0020  0000000000100000 (  32)                 .FILL x0020
(368D) 0074  0000000001110100 (  32)                 .FILL x0074
(368E) 0061  0000000001100001 (  32)                 .FILL x0061
(368F) 0073  0000000001110011 (  32)                 .FILL x0073
(3690) 0074  0000000001110100 (  32)                 .FILL x0074
(3691) 0079  0000000001111001 (  32)                 .FILL x0079
(3692) 0020  0000000000100000 (  32)                 .FILL x0020
(3693) 000A  0000000000001010 (  32)                 .FILL x000A
(3694) 0020  0000000000100000 (  32)                 .FILL x0020
(3695) 0020  0000000000100000 (  32)                 .FILL x0020
(3696) 0034  0000000000110100 (  32)                 .FILL x0034
(3697) 0029  0000000000101001 (  32)                 .FILL x0029
(3698) 0020  0000000000100000 (  32)                 .FILL x0020
(3699) 0049  0000000001001001 (  32)                 .FILL x0049
(369A) 0020  0000000000100000 (  32)                 .FILL x0020
(369B) 0064  0000000001100100 (  32)                 .FILL x0064
(369C) 006F  0000000001101111 (  32)                 .FILL x006F
(369D) 006E  0000000001101110 (  32)                 .FILL x006E
(369E) 006E  0000000001101110 (  32)                 .FILL x006E
(369F) 006F  0000000001101111 (  32)                 .FILL x006F
(36A0) 0020  0000000000100000 (  32)                 .FILL x0020
(36A1) 000A  0000000000001010 (  32)                 .FILL x000A
(36A2) 0000  0000000000000000 (  32)                 .FILL x0000
(36A3) 004C  0000000001001100 (  34) GOODMSG         .FILL x004C
(36A4) 006F  0000000001101111 (  34)                 .FILL x006F
(36A5) 006F  0000000001101111 (  34)                 .FILL x006F
(36A6) 006B  0000000001101011 (  34)                 .FILL x006B
(36A7) 0073  0000000001110011 (  34)                 .FILL x0073
(36A8) 0020  0000000000100000 (  34)                 .FILL x0020
(36A9) 006C  0000000001101100 (  34)                 .FILL x006C
(36AA) 0069  0000000001101001 (  34)                 .FILL x0069
(36AB) 006B  0000000001101011 (  34)                 .FILL x006B
(36AC) 0065  0000000001100101 (  34)                 .FILL x0065
(36AD) 0020  0000000000100000 (  34)                 .FILL x0020
(36AE) 0079  0000000001111001 (  34)                 .FILL x0079
(36AF) 006F  0000000001101111 (  34)                 .FILL x006F
(36B0) 0075  0000000001110101 (  34)                 .FILL x0075
(36B1) 0020  0000000000100000 (  34)                 .FILL x0020
(36B2) 006B  0000000001101011 (  34)                 .FILL x006B
(36B3) 006E  0000000001101110 (  34)                 .FILL x006E
(36B4) 006F  0000000001101111 (  34)                 .FILL x006F
(36B5) 0077  0000000001110111 (  34)                 .FILL x0077
(36B6) 0020  0000000000100000 (  34)                 .FILL x0020
(36B7) 0079  0000000001111001 (  34)                 .FILL x0079
(36B8) 006F  0000000001101111 (  34)                 .FILL x006F
(36B9) 0075  0000000001110101 (  34)                 .FILL x0075
(36BA) 0072  0000000001110010 (  34)                 .FILL x0072
(36BB) 0020  0000000000100000 (  34)                 .FILL x0020
(36BC) 0064  0000000001100100 (  34)                 .FILL x0064
(36BD) 0069  0000000001101001 (  34)                 .FILL x0069
(36BE) 0073  0000000001110011 (  34)                 .FILL x0073
(36BF) 0063  0000000001100011 (  34)                 .FILL x0063
(36C0) 0072  0000000001110010 (  34)                 .FILL x0072
(36C1) 0065  0000000001100101 (  34)                 .FILL x0065
(36C2) 0074  0000000001110100 (  34)                 .FILL x0074
(36C3) 0065  0000000001100101 (  34)                 .FILL x0065
(36C4) 002E  0000000000101110 (  34)                 .FILL x002E
(36C5) 0000  0000000000000000 (  34)                 .FILL x0000
(36C6) 0059  0000000001011001 (  35) PASSMSG         .FILL x0059
(36C7) 006F  0000000001101111 (  35)                 .FILL x006F
(36C8) 0075  0000000001110101 (  35)                 .FILL x0075
(36C9) 0020  0000000000100000 (  35)                 .FILL x0020
(36CA) 0077  0000000001110111 (  35)                 .FILL x0077
(36CB) 006F  0000000001101111 (  35)                 .FILL x006F
(36CC) 006E  0000000001101110 (  35)                 .FILL x006E
(36CD) 0027  0000000000100111 (  35)                 .FILL x0027
(36CE) 0074  0000000001110100 (  35)                 .FILL x0074
(36CF) 0020  0000000000100000 (  35)                 .FILL x0020
(36D0) 0067  0000000001100111 (  35)                 .FILL x0067
(36D1) 0065  0000000001100101 (  35)                 .FILL x0065
(36D2) 0074  0000000001110100 (  35)                 .FILL x0074
(36D3) 0020  0000000000100000 (  35)                 .FILL x0020
(36D4) 0070  0000000001110000 (  35)                 .FILL x0070
(36D5) 0061  0000000001100001 (  35)                 .FILL x0061
(36D6) 0072  0000000001110010 (  35)                 .FILL x0072
(36D7) 0074  0000000001110100 (  35)                 .FILL x0074
(36D8) 0069  0000000001101001 (  35)                 .FILL x0069
(36D9) 0061  0000000001100001 (  35)                 .FILL x0061
(36DA) 006C  0000000001101100 (  35)                 .FILL x006C
(36DB) 0020  0000000000100000 (  35)                 .FILL x0020
(36DC) 0063  0000000001100011 (  35)                 .FILL x0063
(36DD) 0072  0000000001110010 (  35)                 .FILL x0072
(36DE) 0065  0000000001100101 (  35)                 .FILL x0065
(36DF) 0064  0000000001100100 (  35)                 .FILL x0064
(36E0) 0069  0000000001101001 (  35)                 .FILL x0069
(36E1) 0074  0000000001110100 (  35)                 .FILL x0074
(36E2) 0020  0000000000100000 (  35)                 .FILL x0020
(36E3) 006F  0000000001101111 (  35)                 .FILL x006F
(36E4) 006E  0000000001101110 (  35)                 .FILL x006E
(36E5) 0020  0000000000100000 (  35)                 .FILL x0020
(36E6) 0061  0000000001100001 (  35)                 .FILL x0061
(36E7) 0020  0000000000100000 (  35)                 .FILL x0020
(36E8) 0072  0000000001110010 (  35)                 .FILL x0072
(36E9) 0065  0000000001100101 (  35)                 .FILL x0065
(36EA) 0061  0000000001100001 (  35)                 .FILL x0061
(36EB) 006C  0000000001101100 (  35)                 .FILL x006C
(36EC) 0020  0000000000100000 (  35)                 .FILL x0020
(36ED) 0065  0000000001100101 (  35)                 .FILL x0065
(36EE) 0078  0000000001111000 (  35)                 .FILL x0078
(36EF) 0061  0000000001100001 (  35)                 .FILL x0061
(36F0) 006D  0000000001101101 (  35)                 .FILL x006D
(36F1) 002E  0000000000101110 (  35)                 .FILL x002E
(36F2) 0000  0000000000000000 (  35)                 .FILL x0000
(36F3) 0057  0000000001010111 (  36) FAILMSG         .FILL x0057
(36F4) 0065  0000000001100101 (  36)                 .FILL x0065
(36F5) 006C  0000000001101100 (  36)                 .FILL x006C
(36F6) 006C  0000000001101100 (  36)                 .FILL x006C
(36F7) 002E  0000000000101110 (  36)                 .FILL x002E
(36F8) 002E  0000000000101110 (  36)                 .FILL x002E
(36F9) 002E  0000000000101110 (  36)                 .FILL x002E
(36FA) 0020  0000000000100000 (  36)                 .FILL x0020
(36FB) 0047  0000000001000111 (  36)                 .FILL x0047
(36FC) 0047  0000000001000111 (  36)                 .FILL x0047
(36FD) 0000  0000000000000000 (  36)                 .FILL x0000
