(0000) 3300  0011001100000000 (   5)                 .ORIG x3300
(3300) 3211  0011001000010001 (   6)                 ST    R1 SAVER1
(3301) 3411  0011010000010001 (   7)                 ST    R2 SAVER2
(3302) A00B  1010000000001011 (   8) READ            LDI   R0 KBSR
(3303) 07FE  0000011111111110 (   9)                 BRZP  READ
(3304) A00A  1010000000001010 (  10)                 LDI   R0 KBDR
(3305) A20A  1010001000001010 (  11) WRITE           LDI   R1 DSR
(3306) 07FE  0000011111111110 (  12)                 BRZP  WRITE
(3307) B009  1011000000001001 (  13)                 STI   R0 DDR
(3308) 2404  0010010000000100 (  14)                 LD    R2 OFFSET
(3309) 1002  0001000000000010 (  15)                 ADD   R0 R0 R2
(330A) 2207  0010001000000111 (  16)                 LD    R1 SAVER1
(330B) 2407  0010010000000111 (  17)                 LD    R2 SAVER2
(330C) C1C0  1100000111000000 (  18)                 RET   
(330D) FFD0  1111111111010000 (  24) OFFSET          .FILL xFFD0
(330E) FE00  1111111000000000 (  25) KBSR            .FILL xFE00
(330F) FE02  1111111000000010 (  26) KBDR            .FILL xFE02
(3310) FE04  1111111000000100 (  27) DSR             .FILL xFE04
(3311) FE06  1111111000000110 (  28) DDR             .FILL xFE06
(3312) 0000  0000000000000000 (  29) SAVER1          .FILL x0000
(3313) 0000  0000000000000000 (  30) SAVER2          .FILL x0000
