(0000) 3000  0011000000000000 (   5)                 .ORIG x3000
(3000) E00F  1110000000001111 (   6) MAIN            LEA   R0 PROMPT
(3001) F022  1111000000100010 (   7)                 TRAP  x22
(3002) 200B  0010000000001011 (   9)                 LD    R0 GETI
(3003) B009  1011000000001001 (  13)                 STI   R0 TP26
(3004) F026  1111000000100110 (  14)                 TRAP  x26
(3005) 2209  0010001000001001 (  16)                 LD    R1 OFFSET
(3006) 1240  0001001001000000 (  17)                 ADD   R1 R1 R0
(3007) E020  1110000000100000 (  19)                 LEA   R0 OUTMSG
(3008) F022  1111000000100010 (  20)                 TRAP  x22
(3009) 1060  0001000001100000 (  21)                 ADD   R0 R1 #0
(300A) F021  1111000000100001 (  22)                 TRAP  x21
(300B) 0FF4  0000111111110100 (  24)                 BRNZP MAIN
(300C) F025  1111000000100101 (  25)                 TRAP  x25
(300D) 0026  0000000000100110 (  27) TP26            .FILL x0026
(300E) 3300  0011001100000000 (  28) GETI            .FILL x3300
(300F) 0030  0000000000110000 (  29) OFFSET          .FILL x0030
(3010) 000A  0000000000001010 (  30) PROMPT          .FILL x000A
(3011) 0045  0000000001000101 (  30)                 .FILL x0045
(3012) 006E  0000000001101110 (  30)                 .FILL x006E
(3013) 0074  0000000001110100 (  30)                 .FILL x0074
(3014) 0065  0000000001100101 (  30)                 .FILL x0065
(3015) 0072  0000000001110010 (  30)                 .FILL x0072
(3016) 0020  0000000000100000 (  30)                 .FILL x0020
(3017) 0061  0000000001100001 (  30)                 .FILL x0061
(3018) 0020  0000000000100000 (  30)                 .FILL x0020
(3019) 006E  0000000001101110 (  30)                 .FILL x006E
(301A) 0075  0000000001110101 (  30)                 .FILL x0075
(301B) 006D  0000000001101101 (  30)                 .FILL x006D
(301C) 0062  0000000001100010 (  30)                 .FILL x0062
(301D) 0065  0000000001100101 (  30)                 .FILL x0065
(301E) 0072  0000000001110010 (  30)                 .FILL x0072
(301F) 0020  0000000000100000 (  30)                 .FILL x0020
(3020) 0028  0000000000101000 (  30)                 .FILL x0028
(3021) 0030  0000000000110000 (  30)                 .FILL x0030
(3022) 002D  0000000000101101 (  30)                 .FILL x002D
(3023) 0039  0000000000111001 (  30)                 .FILL x0039
(3024) 0029  0000000000101001 (  30)                 .FILL x0029
(3025) 003A  0000000000111010 (  30)                 .FILL x003A
(3026) 0020  0000000000100000 (  30)                 .FILL x0020
(3027) 0000  0000000000000000 (  30)                 .FILL x0000
(3028) 000A  0000000000001010 (  31) OUTMSG          .FILL x000A
(3029) 0052  0000000001010010 (  31)                 .FILL x0052
(302A) 0065  0000000001100101 (  31)                 .FILL x0065
(302B) 0073  0000000001110011 (  31)                 .FILL x0073
(302C) 0075  0000000001110101 (  31)                 .FILL x0075
(302D) 006C  0000000001101100 (  31)                 .FILL x006C
(302E) 0074  0000000001110100 (  31)                 .FILL x0074
(302F) 003A  0000000000111010 (  31)                 .FILL x003A
(3030) 0020  0000000000100000 (  31)                 .FILL x0020
(3031) 0000  0000000000000000 (  31)                 .FILL x0000
