(0000) 3000  0011000000000000 (   7)                 .ORIG x3000
(3000) 54A0  0101010010100000 (  11)                 AND   R2 R2 #0
(3001) 56E0  0101011011100000 (  12)                 AND   R3 R3 #0
(3002) 16E2  0001011011100010 (  13)                 ADD   R3 R3 #2
(3003) A04D  1010000001001101 (  14)                 LDI   R0 Q1STR
(3004) F022  1111000000100010 (  15)                 TRAP  x22
(3005) E041  1110000001000001 (  16)                 LEA   R0 ANSWERMSG
(3006) F022  1111000000100010 (  17)                 TRAP  x22
(3007) 481C  0100100000011100 (  18)                 JSR   GETANS
(3008) A04A  1010000001001010 (  21)                 LDI   R0 Q2STR
(3009) F022  1111000000100010 (  22)                 TRAP  x22
(300A) E03C  1110000000111100 (  23)                 LEA   R0 ANSWERMSG
(300B) F022  1111000000100010 (  24)                 TRAP  x22
(300C) 4817  0100100000010111 (  25)                 JSR   GETANS
(300D) A047  1010000001000111 (  28)                 LDI   R0 Q3STR
(300E) F022  1111000000100010 (  29)                 TRAP  x22
(300F) E037  1110000000110111 (  30)                 LEA   R0 ANSWERMSG
(3010) F022  1111000000100010 (  31)                 TRAP  x22
(3011) 4812  0100100000010010 (  32)                 JSR   GETANS
(3012) E02A  1110000000101010 (  33)                 LEA   R0 RESULTPROMPT
(3013) F022  1111000000100010 (  34)                 TRAP  x22
(3014) 14B0  0001010010110000 (  36)                 ADD   R2 R2 #-16
(3015) 14B6  0001010010110110 (  37)                 ADD   R2 R2 #-10
(3016) 020A  0000001000001010 (  38)                 BRP   MESG1
(3017) 14A6  0001010010100110 (  39)                 ADD   R2 R2 #6
(3018) 0C04  0000110000000100 (  40)                 BRNZ  MESG3
(3019) 203D  0010000000111101 (  41)                 LD    R0 RESULTS
(301A) 1021  0001000000100001 (  42)                 ADD   R0 R0 #1
(301B) 6000  0110000000000000 (  43)                 LDR   R0 R0 #0
(301C) 0E05  0000111000000101 (  44)                 BRNZP PRINT
(301D) 2039  0010000000111001 (  45) MESG3           LD    R0 RESULTS
(301E) 1022  0001000000100010 (  46)                 ADD   R0 R0 #2
(301F) 6000  0110000000000000 (  47)                 LDR   R0 R0 #0
(3020) 0E01  0000111000000001 (  48)                 BRNZP x3022
(3021) A035  1010000000110101 (  49) MESG1           LDI   R0 RESULTS
(3022) F022  1111000000100010 (  50) PRINT           TRAP  x22
(3023) F025  1111000000100101 (  51)                 TRAP  x25
(3024) 3015  0011000000010101 (  53) GETANS          ST    R0 SAVER0
(3025) 3E15  0011111000010101 (  54)                 ST    R7 SAVER7
(3026) 2012  0010000000010010 (  56)                 LD    R0 GETI
(3027) B014  1011000000010100 (  57)                 STI   R0 TP26
(3028) F026  1111000000100110 (  58)                 TRAP  x26
(3029) 16FF  0001011011111111 (  61)                 ADD   R3 R3 #-1
(302A) 0202  0000001000000010 (  62)                 BRP   FIRST
(302B) 0403  0000010000000011 (  63)                 BRZ   SECOND
(302C) 0804  0000100000000100 (  64)                 BRN   THIRD
(302D) 2224  0010001000100100 (  65) FIRST           LD    R1 Q1PTS
(302E) 0E03  0000111000000011 (  66)                 BRNZP CAL
(302F) 2224  0010001000100100 (  67) SECOND          LD    R1 Q2PTS
(3030) 0E01  0000111000000001 (  68)                 BRNZP CAL
(3031) 2224  0010001000100100 (  69) THIRD           LD    R1 Q3PTS
(3032) 127F  0001001001111111 (  71) CAL             ADD   R1 R1 #-1
(3033) 1240  0001001001000000 (  72)                 ADD   R1 R1 R0
(3034) 6240  0110001001000000 (  73)                 LDR   R1 R1 #0
(3035) 1481  0001010010000001 (  75)                 ADD   R2 R2 R1
(3036) 2003  0010000000000011 (  76)                 LD    R0 SAVER0
(3037) 2E03  0010111000000011 (  77)                 LD    R7 SAVER7
(3038) C1C0  1100000111000000 (  79) LOAD            RET   
(3039) 3300  0011001100000000 (  82) GETI            .FILL x3300
(303A) 0000  0000000000000000 (  83) SAVER0          .FILL x0000
(303B) 0000  0000000000000000 (  84) SAVER7          .FILL x0000
(303C) 0026  0000000000100110 (  85) TP26            .FILL x0026
(303D) 000A  0000000000001010 (  86) RESULTPROMPT    .FILL x000A
(303E) 0052  0000000001010010 (  86)                 .FILL x0052
(303F) 0065  0000000001100101 (  86)                 .FILL x0065
(3040) 0073  0000000001110011 (  86)                 .FILL x0073
(3041) 0075  0000000001110101 (  86)                 .FILL x0075
(3042) 006C  0000000001101100 (  86)                 .FILL x006C
(3043) 0074  0000000001110100 (  86)                 .FILL x0074
(3044) 003A  0000000000111010 (  86)                 .FILL x003A
(3045) 0020  0000000000100000 (  86)                 .FILL x0020
(3046) 0000  0000000000000000 (  86)                 .FILL x0000
(3047) 000A  0000000000001010 (  87) ANSWERMSG       .FILL x000A
(3048) 0041  0000000001000001 (  87)                 .FILL x0041
(3049) 006E  0000000001101110 (  87)                 .FILL x006E
(304A) 0073  0000000001110011 (  87)                 .FILL x0073
(304B) 0077  0000000001110111 (  87)                 .FILL x0077
(304C) 0065  0000000001100101 (  87)                 .FILL x0065
(304D) 0072  0000000001110010 (  87)                 .FILL x0072
(304E) 003A  0000000000111010 (  87)                 .FILL x003A
(304F) 0020  0000000000100000 (  87)                 .FILL x0020
(3050) 0000  0000000000000000 (  87)                 .FILL x0000
(3051) 3500  0011010100000000 (  88) Q1STR           .FILL x3500
(3052) 3501  0011010100000001 (  89) Q1PTS           .FILL x3501
(3053) 3505  0011010100000101 (  90) Q2STR           .FILL x3505
(3054) 3506  0011010100000110 (  91) Q2PTS           .FILL x3506
(3055) 350A  0011010100001010 (  92) Q3STR           .FILL x350A
(3056) 350B  0011010100001011 (  93) Q3PTS           .FILL x350B
(3057) 350F  0011010100001111 (  94) RESULTS         .FILL x350F
